<?xml version="1.0" encoding="UTF-8"?>
<!-- Generated by org.testng.reporters.JUnitReportReporter -->
<testsuite name="TestBoardModel" tests="1" time="0.000" ignored="0" failures="0" timestamp="29 Jun 2017 09:28:40 GMT" skipped="0" hostname="ASDP1726PO02529" errors="0">
  <testcase name="f" time="0.000" classname="TestBoardModel"/>
</testsuite> <!-- TestBoardModel -->
